2020/11/22 08:25:13.821 [E]  QQLuaVmRun CallGlobal err <string>:362: attempt to index a non-table object(nil) with key 'img_src'
stack traceback:
	<string>:362: in function 'Cosplay'
	<string>:33: in main chunk
	[G]: ? detail File PicFriend.lua when  call ReceiveFriendMsg params [0] 783960732  [1] &{1837099861 783960732 TextMsg 32447 cos <nil>} 
2020/11/22 15:23:37.305 [E]  QQLuaVmRun CallGlobal err <string>:404: attempt to index a non-table object(nil) with key 'img_src'
stack traceback:
	<string>:404: in function 'Sifu'
	<string>:30: in main chunk
	[G]: ? detail File PicGroup.lua when  call ReceiveGroupMsg params [0] 783960732  [1] &{1014748325 lua 1837099861 你_的为什么 私服 TextMsg 1606029817 1440 797124092 <nil>} 
2020/11/22 15:23:52.012 [E]  QQLuaVmRun CallGlobal err <string>:404: attempt to index a non-table object(nil) with key 'img_src'
stack traceback:
	<string>:404: in function 'Sifu'
	<string>:30: in main chunk
	[G]: ? detail File PicGroup.lua when  call ReceiveGroupMsg params [0] 783960732  [1] &{1014748325 lua 1837099861 你_的为什么 私服 TextMsg 1606029831 1443 1874890764 <nil>} 
2020/11/22 15:23:59.302 [E]  QQLuaVmRun CallGlobal err <string>:96: attempt to index a non-table object(nil) with key 'img_src'
stack traceback:
	<string>:96: in function 'Illustration'
	<string>:9: in main chunk
	[G]: ? detail File PicGroup.lua when  call ReceiveGroupMsg params [0] 783960732  [1] &{1014748325 lua 1837099861 你_的为什么 插画 TextMsg 1606029839 1444 1287368800 <nil>} 
2020/11/22 22:35:30.960 [E]  QQLuaVmRun CallGlobal err json:151: unexpected character '<' at line 1 col 1
stack traceback:
	[G]: in function 'error'
	json:151: in function 'decode_error'
	json:327: in function 'parse'
	json:333: in function 'decode'
	<string>:707: in function 'Pixiv'
	<string>:57: in main chunk
	[G]: ? detail File PicGroup.lua when  call ReceiveGroupMsg params [0] 783960732  [1] &{1014748325 lua 1837099861 你_的为什么 美图 TextMsg 1606055729 1454 151032690 <nil>} 
2020/11/22 22:37:09.346 [E]  QQLuaVmRun CallGlobal err json:151: unexpected character '<' at line 1 col 1
stack traceback:
	[G]: in function 'error'
	json:151: in function 'decode_error'
	json:327: in function 'parse'
	json:333: in function 'decode'
	<string>:707: in function 'Pixiv'
	<string>:57: in main chunk
	[G]: ? detail File PicGroup.lua when  call ReceiveGroupMsg params [0] 783960732  [1] &{1014748325 lua 1837099861 你_的为什么 美图 TextMsg 1606055828 1458 306920404 <nil>} 
2020/11/22 23:19:48.306 [E]  QQLuaVmRun CallGlobal err <string>:12: attempt to call a non-function object
stack traceback:
	<string>:12: in main chunk
	[G]: ? detail File demo.lua when  call ReceiveGroupMsg params [0] 783960732  [1] &{1014748325 lua 1837099861 你_的为什么 查询1837099861 TextMsg 1606058388 1459 480694800 <nil>} 
2020/11/22 23:21:05.792 [E]  QQLuaVmRun CallGlobal err json:151: unexpected character '<' at line 1 col 1
stack traceback:
	[G]: in function 'error'
	json:151: in function 'decode_error'
	json:327: in function 'parse'
	json:333: in function 'decode'
	<string>:707: in function 'Pixiv'
	<string>:57: in main chunk
	[G]: ? detail File PicGroup.lua when  call ReceiveGroupMsg params [0] 783960732  [1] &{1014748325 lua 1837099861 你_的为什么 美图 TextMsg 1606058464 1462 1221541355 <nil>} 
2020/11/22 23:28:51.364 [E]  QQLuaVmRun CallGlobal err <string>:360: attempt to index a non-table object(nil) with key 'img_src'
stack traceback:
	<string>:360: in function 'Cosplay'
	<string>:27: in main chunk
	[G]: ? detail File PicGroup.lua when  call ReceiveGroupMsg params [0] 783960732  [1] &{893604298 卢应康广场 1837099861 王一博今天学了吗 cos给劲些 TextMsg 1606058931 33263 508035434 <nil>} 
2020/11/22 23:29:15.128 [E]  QQLuaVmRun CallGlobal err json:151: unexpected character '<' at line 1 col 1
stack traceback:
	[G]: in function 'error'
	json:151: in function 'decode_error'
	json:327: in function 'parse'
	json:333: in function 'decode'
	<string>:707: in function 'Pixiv'
	<string>:57: in main chunk
	[G]: ? detail File PicGroup.lua when  call ReceiveGroupMsg params [0] 783960732  [1] &{893604298 卢应康广场 1837099861 王一博今天学了吗 美图 TextMsg 1606058948 33264 597957054 <nil>} 
2020/11/22 23:29:48.803 [E]  QQLuaVmRun CallGlobal err <string>:360: attempt to index a non-table object(nil) with key 'img_src'
stack traceback:
	<string>:360: in function 'Cosplay'
	<string>:27: in main chunk
	[G]: ? detail File PicGroup.lua when  call ReceiveGroupMsg params [0] 783960732  [1] &{893604298 卢应康广场 1837099861 王一博今天学了吗 cos TextMsg 1606058988 33268 1968218624 <nil>} 
2020/11/22 23:30:00.784 [E]  QQLuaVmRun CallGlobal err <string>:360: attempt to index a non-table object(nil) with key 'img_src'
stack traceback:
	<string>:360: in function 'Cosplay'
	<string>:27: in main chunk
	[G]: ? detail File PicGroup.lua when  call ReceiveGroupMsg params [0] 783960732  [1] &{1014748325 lua 1837099861 你_的为什么 cos TextMsg 1606059000 1469 165914378 <nil>} 
2020/11/22 23:31:21.067 [E]  QQLuaVmRun CallGlobal err <string>:141: attempt to index a non-table object(nil) with key 'img_src'
stack traceback:
	<string>:141: in function 'Comic'
	<string>:12: in main chunk
	[G]: ? detail File PicGroup.lua when  call ReceiveGroupMsg params [0] 783960732  [1] &{1014748325 lua 1837099861 你_的为什么 漫画 TextMsg 1606059080 1473 6581958 <nil>} 
2020/11/22 23:32:51.144 [E]  QQLuaVmRun CallGlobal err json:151: unexpected character '<' at line 1 col 1
stack traceback:
	[G]: in function 'error'
	json:151: in function 'decode_error'
	json:327: in function 'parse'
	json:333: in function 'decode'
	<string>:707: in function 'Pixiv'
	<string>:57: in main chunk
	[G]: ? detail File PicGroup.lua when  call ReceiveGroupMsg params [0] 783960732  [1] &{1014748325 lua 1837099861 你_的为什么 美图 TextMsg 1606059168 1477 1484822143 <nil>} 
2020/11/22 23:32:55.706 [E]  QQLuaVmRun CallGlobal err json:151: unexpected character '<' at line 1 col 1
stack traceback:
	[G]: in function 'error'
	json:151: in function 'decode_error'
	json:327: in function 'parse'
	json:333: in function 'decode'
	<string>:707: in function 'Pixiv'
	<string>:57: in main chunk
	[G]: ? detail File PicGroup.lua when  call ReceiveGroupMsg params [0] 783960732  [1] &{1014748325 lua 1837099861 你_的为什么 美图 TextMsg 1606059175 1478 1303082516 <nil>} 
2020/11/22 23:41:43.917 [E]  QQLuaVmRun CallGlobal err json:151: unexpected character '<' at line 1 col 1
stack traceback:
	[G]: in function 'error'
	json:151: in function 'decode_error'
	json:327: in function 'parse'
	json:333: in function 'decode'
	<string>:707: in function 'Pixiv'
	<string>:57: in main chunk
	[G]: ? detail File PicGroup.lua when  call ReceiveGroupMsg params [0] 783960732  [1] &{893604298 卢应康广场 1837099861 王一博今天学了吗 美图 TextMsg 1606059700 33344 837659985 <nil>} 
